
*** Running vivado
    with args -log fir.vds -m64 -product Vivado -mode batch -messageDb vivado.pb -notrace -source fir.tcl



****** Vivado v2022.1 (64-bit)
  **** SW Build 3526262 on Mon Apr 18 15:48:16 MDT 2022
  **** IP Build 3524634 on Mon Apr 18 20:55:01 MDT 2022
    ** Copyright 1986-2022 Xilinx, Inc. All Rights Reserved.

source fir.tcl -notrace
Command: read_checkpoint -auto_incremental -incremental C:/Users/Allen/My_Document/GIEE_Masters/First_Year_Upper/SoC_lab/lab_3/course_lab3/project_3/project_3.srcs/utils_1/imports/synth_1/fir.dcp
INFO: [Vivado 12-5825] Read reference checkpoint from C:/Users/Allen/My_Document/GIEE_Masters/First_Year_Upper/SoC_lab/lab_3/course_lab3/project_3/project_3.srcs/utils_1/imports/synth_1/fir.dcp for incremental synthesis
INFO: [Vivado 12-7989] Please ensure there are no constraint changes
Command: synth_design -top fir -part xc7z020clg400-1
Starting synth_design
Attempting to get a license for feature 'Synthesis' and/or device 'xc7z020'
INFO: [Common 17-349] Got license for feature 'Synthesis' and/or device 'xc7z020'
INFO: [Device 21-403] Loading part xc7z020clg400-1
INFO: [Designutils 20-5440] No compile time benefit to using incremental synthesis; A full resynthesis will be run
INFO: [Designutils 20-4379] Flow is switching to default flow due to incremental criteria not met. If you would like to alter this behaviour and have the flow terminate instead, please set the following parameter config_implementation {autoIncr.Synth.RejectBehavior Terminate}
INFO: [Synth 8-7079] Multithreading enabled for synth_design using a maximum of 2 processes.
INFO: [Synth 8-7078] Launching helper process for spawning children vivado processes
INFO: [Synth 8-7075] Helper process launched with PID 26300
WARNING: [Synth 8-9889] parameter declaration is not allowed here in this mode of verilog [C:/Users/Allen/My_Document/GIEE_Masters/First_Year_Upper/SoC_lab/lab_3/course_lab3/files/fir.v:97]
WARNING: [Synth 8-9889] parameter declaration is not allowed here in this mode of verilog [C:/Users/Allen/My_Document/GIEE_Masters/First_Year_Upper/SoC_lab/lab_3/course_lab3/files/fir.v:98]
WARNING: [Synth 8-9889] parameter declaration is not allowed here in this mode of verilog [C:/Users/Allen/My_Document/GIEE_Masters/First_Year_Upper/SoC_lab/lab_3/course_lab3/files/fir.v:99]
WARNING: [Synth 8-9889] parameter declaration is not allowed here in this mode of verilog [C:/Users/Allen/My_Document/GIEE_Masters/First_Year_Upper/SoC_lab/lab_3/course_lab3/files/fir.v:100]
WARNING: [Synth 8-9889] parameter declaration is not allowed here in this mode of verilog [C:/Users/Allen/My_Document/GIEE_Masters/First_Year_Upper/SoC_lab/lab_3/course_lab3/files/fir.v:101]
WARNING: [Synth 8-9889] parameter declaration is not allowed here in this mode of verilog [C:/Users/Allen/My_Document/GIEE_Masters/First_Year_Upper/SoC_lab/lab_3/course_lab3/files/fir.v:102]
WARNING: [Synth 8-9889] parameter declaration is not allowed here in this mode of verilog [C:/Users/Allen/My_Document/GIEE_Masters/First_Year_Upper/SoC_lab/lab_3/course_lab3/files/fir.v:103]
WARNING: [Synth 8-9889] parameter declaration is not allowed here in this mode of verilog [C:/Users/Allen/My_Document/GIEE_Masters/First_Year_Upper/SoC_lab/lab_3/course_lab3/files/fir.v:104]
WARNING: [Synth 8-9889] parameter declaration is not allowed here in this mode of verilog [C:/Users/Allen/My_Document/GIEE_Masters/First_Year_Upper/SoC_lab/lab_3/course_lab3/files/fir.v:105]
WARNING: [Synth 8-9889] parameter declaration is not allowed here in this mode of verilog [C:/Users/Allen/My_Document/GIEE_Masters/First_Year_Upper/SoC_lab/lab_3/course_lab3/files/fir.v:106]
WARNING: [Synth 8-9889] parameter declaration is not allowed here in this mode of verilog [C:/Users/Allen/My_Document/GIEE_Masters/First_Year_Upper/SoC_lab/lab_3/course_lab3/files/fir.v:107]
WARNING: [Synth 8-9889] parameter declaration is not allowed here in this mode of verilog [C:/Users/Allen/My_Document/GIEE_Masters/First_Year_Upper/SoC_lab/lab_3/course_lab3/files/fir.v:108]
---------------------------------------------------------------------------------
Starting RTL Elaboration : Time (s): cpu = 00:00:04 ; elapsed = 00:00:03 . Memory (MB): peak = 1665.340 ; gain = 0.000
---------------------------------------------------------------------------------
INFO: [Synth 8-6157] synthesizing module 'fir' [C:/Users/Allen/My_Document/GIEE_Masters/First_Year_Upper/SoC_lab/lab_3/course_lab3/files/fir.v:1]
WARNING: [Synth 8-589] replacing case/wildcard equality operator !== with logical equality operator != [C:/Users/Allen/My_Document/GIEE_Masters/First_Year_Upper/SoC_lab/lab_3/course_lab3/files/fir.v:180]
INFO: [Synth 8-155] case statement is not full and has no default [C:/Users/Allen/My_Document/GIEE_Masters/First_Year_Upper/SoC_lab/lab_3/course_lab3/files/fir.v:137]
INFO: [Synth 8-155] case statement is not full and has no default [C:/Users/Allen/My_Document/GIEE_Masters/First_Year_Upper/SoC_lab/lab_3/course_lab3/files/fir.v:203]
INFO: [Synth 8-6155] done synthesizing module 'fir' (0#1) [C:/Users/Allen/My_Document/GIEE_Masters/First_Year_Upper/SoC_lab/lab_3/course_lab3/files/fir.v:1]
WARNING: [Synth 8-6014] Unused sequential element genblk1.wready_r_reg was removed.  [C:/Users/Allen/My_Document/GIEE_Masters/First_Year_Upper/SoC_lab/lab_3/course_lab3/files/fir.v:220]
WARNING: [Synth 8-6014] Unused sequential element genblk1.rdata_r_reg was removed.  [C:/Users/Allen/My_Document/GIEE_Masters/First_Year_Upper/SoC_lab/lab_3/course_lab3/files/fir.v:223]
WARNING: [Synth 8-6014] Unused sequential element genblk1.sm_tdata_r_reg was removed.  [C:/Users/Allen/My_Document/GIEE_Masters/First_Year_Upper/SoC_lab/lab_3/course_lab3/files/fir.v:226]
WARNING: [Synth 8-6014] Unused sequential element genblk1.final_stage_flag_r_reg was removed.  [C:/Users/Allen/My_Document/GIEE_Masters/First_Year_Upper/SoC_lab/lab_3/course_lab3/files/fir.v:239]
WARNING: [Synth 8-3848] Net genblk1.awready_w in module/entity fir does not have driver. [C:/Users/Allen/My_Document/GIEE_Masters/First_Year_Upper/SoC_lab/lab_3/course_lab3/files/fir.v:58]
WARNING: [Synth 8-3848] Net genblk1.arready_w in module/entity fir does not have driver. [C:/Users/Allen/My_Document/GIEE_Masters/First_Year_Upper/SoC_lab/lab_3/course_lab3/files/fir.v:58]
WARNING: [Synth 8-3848] Net genblk1.sm_tlast_w in module/entity fir does not have driver. [C:/Users/Allen/My_Document/GIEE_Masters/First_Year_Upper/SoC_lab/lab_3/course_lab3/files/fir.v:70]
WARNING: [Synth 8-3917] design fir has port wready driven by constant 1
WARNING: [Synth 8-3917] design fir has port data_EN driven by constant 1
WARNING: [Synth 8-7129] Port wvalid in module fir is either unconnected or has no load
WARNING: [Synth 8-7129] Port rready in module fir is either unconnected or has no load
WARNING: [Synth 8-7129] Port ss_tvalid in module fir is either unconnected or has no load
WARNING: [Synth 8-7129] Port sm_tready in module fir is either unconnected or has no load
---------------------------------------------------------------------------------
Finished RTL Elaboration : Time (s): cpu = 00:00:05 ; elapsed = 00:00:05 . Memory (MB): peak = 1665.340 ; gain = 0.000
---------------------------------------------------------------------------------
---------------------------------------------------------------------------------
Start Handling Custom Attributes
---------------------------------------------------------------------------------
---------------------------------------------------------------------------------
Finished Handling Custom Attributes : Time (s): cpu = 00:00:05 ; elapsed = 00:00:05 . Memory (MB): peak = 1665.340 ; gain = 0.000
---------------------------------------------------------------------------------
---------------------------------------------------------------------------------
Finished RTL Optimization Phase 1 : Time (s): cpu = 00:00:05 ; elapsed = 00:00:05 . Memory (MB): peak = 1665.340 ; gain = 0.000
---------------------------------------------------------------------------------
Netlist sorting complete. Time (s): cpu = 00:00:00 ; elapsed = 00:00:00.006 . Memory (MB): peak = 1665.340 ; gain = 0.000
INFO: [Project 1-570] Preparing netlist for logic optimization

Processing XDC Constraints
Initializing timing engine
Parsing XDC File [C:/Users/Allen/My_Document/GIEE_Masters/First_Year_Upper/SoC_lab/lab_3/course_lab3/project_3/project_3.srcs/constrs_1/new/constraints.xdc]
Finished Parsing XDC File [C:/Users/Allen/My_Document/GIEE_Masters/First_Year_Upper/SoC_lab/lab_3/course_lab3/project_3/project_3.srcs/constrs_1/new/constraints.xdc]
Completed Processing XDC Constraints

Netlist sorting complete. Time (s): cpu = 00:00:00 ; elapsed = 00:00:00 . Memory (MB): peak = 1718.297 ; gain = 0.000
INFO: [Project 1-111] Unisim Transformation Summary:
No Unisim elements were transformed.

Constraint Validation Runtime : Time (s): cpu = 00:00:00 ; elapsed = 00:00:00.004 . Memory (MB): peak = 1718.297 ; gain = 0.000
INFO: [Designutils 20-5440] No compile time benefit to using incremental synthesis; A full resynthesis will be run
INFO: [Designutils 20-4379] Flow is switching to default flow due to incremental criteria not met. If you would like to alter this behaviour and have the flow terminate instead, please set the following parameter config_implementation {autoIncr.Synth.RejectBehavior Terminate}
---------------------------------------------------------------------------------
Finished Constraint Validation : Time (s): cpu = 00:00:10 ; elapsed = 00:00:10 . Memory (MB): peak = 1718.297 ; gain = 52.957
---------------------------------------------------------------------------------
---------------------------------------------------------------------------------
Start Loading Part and Timing Information
---------------------------------------------------------------------------------
Loading part: xc7z020clg400-1
---------------------------------------------------------------------------------
Finished Loading Part and Timing Information : Time (s): cpu = 00:00:10 ; elapsed = 00:00:10 . Memory (MB): peak = 1718.297 ; gain = 52.957
---------------------------------------------------------------------------------
---------------------------------------------------------------------------------
Start Applying 'set_property' XDC Constraints
---------------------------------------------------------------------------------
---------------------------------------------------------------------------------
Finished applying 'set_property' XDC Constraints : Time (s): cpu = 00:00:10 ; elapsed = 00:00:10 . Memory (MB): peak = 1718.297 ; gain = 52.957
---------------------------------------------------------------------------------
---------------------------------------------------------------------------------
Finished RTL Optimization Phase 2 : Time (s): cpu = 00:00:10 ; elapsed = 00:00:10 . Memory (MB): peak = 1718.297 ; gain = 52.957
---------------------------------------------------------------------------------
---------------------------------------------------------------------------------
Start RTL Component Statistics 
---------------------------------------------------------------------------------
Detailed RTL Component Info : 
+---Adders : 
	   2 Input   32 Bit       Adders := 1     
	   2 Input   12 Bit       Adders := 5     
	   2 Input    4 Bit       Adders := 2     
+---Registers : 
	               32 Bit    Registers := 2     
	               12 Bit    Registers := 3     
	                4 Bit    Registers := 5     
	                1 Bit    Registers := 10    
+---Multipliers : 
	              32x32  Multipliers := 1     
+---Muxes : 
	   2 Input   32 Bit        Muxes := 1     
	   9 Input   32 Bit        Muxes := 1     
	   2 Input   12 Bit        Muxes := 3     
	   4 Input   12 Bit        Muxes := 1     
	   2 Input    6 Bit        Muxes := 1     
	   9 Input    4 Bit        Muxes := 2     
	   3 Input    4 Bit        Muxes := 1     
	   2 Input    4 Bit        Muxes := 1     
	   3 Input    3 Bit        Muxes := 2     
	   2 Input    3 Bit        Muxes := 1     
	   9 Input    3 Bit        Muxes := 1     
	   9 Input    2 Bit        Muxes := 1     
	  10 Input    1 Bit        Muxes := 1     
	   9 Input    1 Bit        Muxes := 14    
	   2 Input    1 Bit        Muxes := 1     
---------------------------------------------------------------------------------
Finished RTL Component Statistics 
---------------------------------------------------------------------------------
---------------------------------------------------------------------------------
Start Part Resource Summary
---------------------------------------------------------------------------------
Part Resources:
DSPs: 220 (col length:60)
BRAMs: 280 (col length: RAMB18 60 RAMB36 30)
---------------------------------------------------------------------------------
Finished Part Resource Summary
---------------------------------------------------------------------------------
---------------------------------------------------------------------------------
Start Cross Boundary and Area Optimization
---------------------------------------------------------------------------------
WARNING: [Synth 8-7080] Parallel synthesis criteria is not met
DSP Report: Generating DSP genblk1.result_w1, operation Mode is: A*B.
DSP Report: operator genblk1.result_w1 is absorbed into DSP genblk1.result_w1.
DSP Report: operator genblk1.result_w1 is absorbed into DSP genblk1.result_w1.
DSP Report: Generating DSP genblk1.result_w1, operation Mode is: (PCIN>>17)+A*B.
DSP Report: operator genblk1.result_w1 is absorbed into DSP genblk1.result_w1.
DSP Report: operator genblk1.result_w1 is absorbed into DSP genblk1.result_w1.
DSP Report: Generating DSP genblk1.result_w1, operation Mode is: A*B.
DSP Report: operator genblk1.result_w1 is absorbed into DSP genblk1.result_w1.
DSP Report: operator genblk1.result_w1 is absorbed into DSP genblk1.result_w1.
DSP Report: Generating DSP genblk1.result_w1, operation Mode is: (PCIN>>17)+A*B.
DSP Report: operator genblk1.result_w1 is absorbed into DSP genblk1.result_w1.
DSP Report: operator genblk1.result_w1 is absorbed into DSP genblk1.result_w1.
WARNING: [Synth 8-3917] design fir has port wready driven by constant 1
WARNING: [Synth 8-3917] design fir has port data_EN driven by constant 1
WARNING: [Synth 8-7129] Port wvalid in module fir is either unconnected or has no load
WARNING: [Synth 8-7129] Port rready in module fir is either unconnected or has no load
WARNING: [Synth 8-7129] Port ss_tvalid in module fir is either unconnected or has no load
WARNING: [Synth 8-7129] Port sm_tready in module fir is either unconnected or has no load
---------------------------------------------------------------------------------
Finished Cross Boundary and Area Optimization : Time (s): cpu = 00:00:12 ; elapsed = 00:00:12 . Memory (MB): peak = 1718.297 ; gain = 52.957
---------------------------------------------------------------------------------
---------------------------------------------------------------------------------
Start ROM, RAM, DSP, Shift Register and Retiming Reporting
---------------------------------------------------------------------------------

DSP: Preliminary Mapping Report (see note below. The ' indicates corresponding REG is set)
+------------+----------------+--------+--------+--------+--------+--------+------+------+------+------+-------+------+------+
|Module Name | DSP Mapping    | A Size | B Size | C Size | D Size | P Size | AREG | BREG | CREG | DREG | ADREG | MREG | PREG | 
+------------+----------------+--------+--------+--------+--------+--------+------+------+------+------+-------+------+------+
|fir         | A*B            | 18     | 16     | -      | -      | 48     | 0    | 0    | -    | -    | -     | 0    | 0    | 
|fir         | (PCIN>>17)+A*B | 16     | 16     | -      | -      | 48     | 0    | 0    | -    | -    | -     | 0    | 0    | 
|fir         | A*B            | 18     | 18     | -      | -      | 48     | 0    | 0    | -    | -    | -     | 0    | 0    | 
|fir         | (PCIN>>17)+A*B | 18     | 16     | -      | -      | 48     | 0    | 0    | -    | -    | -     | 0    | 0    | 
+------------+----------------+--------+--------+--------+--------+--------+------+------+------+------+-------+------+------+

Note: The table above is a preliminary report that shows the DSPs inferred at the current stage of the synthesis flow. Some DSP may be reimplemented as non DSP primitives later in the synthesis flow. Multiple instantiated DSPs are reported only once.
---------------------------------------------------------------------------------
Finished ROM, RAM, DSP, Shift Register and Retiming Reporting
---------------------------------------------------------------------------------
---------------------------------------------------------------------------------
Start Applying XDC Timing Constraints
---------------------------------------------------------------------------------
---------------------------------------------------------------------------------
Finished Applying XDC Timing Constraints : Time (s): cpu = 00:00:19 ; elapsed = 00:00:19 . Memory (MB): peak = 1718.297 ; gain = 52.957
---------------------------------------------------------------------------------
---------------------------------------------------------------------------------
Start Timing Optimization
---------------------------------------------------------------------------------
---------------------------------------------------------------------------------
Finished Timing Optimization : Time (s): cpu = 00:00:19 ; elapsed = 00:00:19 . Memory (MB): peak = 1741.855 ; gain = 76.516
---------------------------------------------------------------------------------
---------------------------------------------------------------------------------
Start Technology Mapping
---------------------------------------------------------------------------------
---------------------------------------------------------------------------------
Finished Technology Mapping : Time (s): cpu = 00:00:19 ; elapsed = 00:00:19 . Memory (MB): peak = 1741.855 ; gain = 76.516
---------------------------------------------------------------------------------
---------------------------------------------------------------------------------
Start IO Insertion
---------------------------------------------------------------------------------
---------------------------------------------------------------------------------
Start Flattening Before IO Insertion
---------------------------------------------------------------------------------
---------------------------------------------------------------------------------
Finished Flattening Before IO Insertion
---------------------------------------------------------------------------------
---------------------------------------------------------------------------------
Start Final Netlist Cleanup
---------------------------------------------------------------------------------
---------------------------------------------------------------------------------
Finished Final Netlist Cleanup
---------------------------------------------------------------------------------
---------------------------------------------------------------------------------
Finished IO Insertion : Time (s): cpu = 00:00:22 ; elapsed = 00:00:22 . Memory (MB): peak = 1741.855 ; gain = 76.516
---------------------------------------------------------------------------------
---------------------------------------------------------------------------------
Start Renaming Generated Instances
---------------------------------------------------------------------------------
---------------------------------------------------------------------------------
Finished Renaming Generated Instances : Time (s): cpu = 00:00:22 ; elapsed = 00:00:22 . Memory (MB): peak = 1741.855 ; gain = 76.516
---------------------------------------------------------------------------------
---------------------------------------------------------------------------------
Start Rebuilding User Hierarchy
---------------------------------------------------------------------------------
---------------------------------------------------------------------------------
Finished Rebuilding User Hierarchy : Time (s): cpu = 00:00:22 ; elapsed = 00:00:22 . Memory (MB): peak = 1741.855 ; gain = 76.516
---------------------------------------------------------------------------------
---------------------------------------------------------------------------------
Start Renaming Generated Ports
---------------------------------------------------------------------------------
---------------------------------------------------------------------------------
Finished Renaming Generated Ports : Time (s): cpu = 00:00:22 ; elapsed = 00:00:22 . Memory (MB): peak = 1741.855 ; gain = 76.516
---------------------------------------------------------------------------------
---------------------------------------------------------------------------------
Start Handling Custom Attributes
---------------------------------------------------------------------------------
---------------------------------------------------------------------------------
Finished Handling Custom Attributes : Time (s): cpu = 00:00:22 ; elapsed = 00:00:22 . Memory (MB): peak = 1741.855 ; gain = 76.516
---------------------------------------------------------------------------------
---------------------------------------------------------------------------------
Start Renaming Generated Nets
---------------------------------------------------------------------------------
---------------------------------------------------------------------------------
Finished Renaming Generated Nets : Time (s): cpu = 00:00:22 ; elapsed = 00:00:22 . Memory (MB): peak = 1741.855 ; gain = 76.516
---------------------------------------------------------------------------------
---------------------------------------------------------------------------------
Start Writing Synthesis Report
---------------------------------------------------------------------------------

DSP Final Report (the ' indicates corresponding REG is set)
+------------+--------------+--------+--------+--------+--------+--------+------+------+------+------+-------+------+------+
|Module Name | DSP Mapping  | A Size | B Size | C Size | D Size | P Size | AREG | BREG | CREG | DREG | ADREG | MREG | PREG | 
+------------+--------------+--------+--------+--------+--------+--------+------+------+------+------+-------+------+------+
|fir         | A*B          | 17     | 15     | -      | -      | 48     | 0    | 0    | -    | -    | -     | 0    | 0    | 
|fir         | A*B          | 17     | 17     | -      | -      | 48     | 0    | 0    | -    | -    | -     | 0    | 0    | 
|fir         | PCIN>>17+A*B | 0      | 15     | -      | -      | 48     | 0    | 0    | -    | -    | -     | 0    | 0    | 
+------------+--------------+--------+--------+--------+--------+--------+------+------+------+------+-------+------+------+


Report BlackBoxes: 
+-+--------------+----------+
| |BlackBox name |Instances |
+-+--------------+----------+
+-+--------------+----------+

Report Cell Usage: 
+------+--------+------+
|      |Cell    |Count |
+------+--------+------+
|1     |BUFG    |     1|
|2     |CARRY4  |    25|
|3     |DSP48E1 |     3|
|4     |LUT1    |    28|
|5     |LUT2    |   117|
|6     |LUT3    |     9|
|7     |LUT4    |    29|
|8     |LUT5    |    29|
|9     |LUT6    |    42|
|10    |FDRE    |    81|
|11    |FDSE    |     2|
|12    |IBUF    |   157|
|13    |OBUF    |   169|
+------+--------+------+
---------------------------------------------------------------------------------
Finished Writing Synthesis Report : Time (s): cpu = 00:00:22 ; elapsed = 00:00:22 . Memory (MB): peak = 1741.855 ; gain = 76.516
---------------------------------------------------------------------------------
Synthesis finished with 0 errors, 0 critical warnings and 7 warnings.
Synthesis Optimization Runtime : Time (s): cpu = 00:00:16 ; elapsed = 00:00:21 . Memory (MB): peak = 1741.855 ; gain = 23.559
Synthesis Optimization Complete : Time (s): cpu = 00:00:22 ; elapsed = 00:00:22 . Memory (MB): peak = 1741.855 ; gain = 76.516
INFO: [Project 1-571] Translating synthesized netlist
Netlist sorting complete. Time (s): cpu = 00:00:00 ; elapsed = 00:00:00.006 . Memory (MB): peak = 1751.301 ; gain = 0.000
INFO: [Netlist 29-17] Analyzing 28 Unisim elements for replacement
INFO: [Netlist 29-28] Unisim Transformation completed in 0 CPU seconds
INFO: [Project 1-570] Preparing netlist for logic optimization
INFO: [Opt 31-138] Pushed 0 inverter(s) to 0 load pin(s).
Netlist sorting complete. Time (s): cpu = 00:00:00 ; elapsed = 00:00:00 . Memory (MB): peak = 1754.938 ; gain = 0.000
INFO: [Project 1-111] Unisim Transformation Summary:
No Unisim elements were transformed.

Synth Design complete, checksum: ac4a3e7c
INFO: [Common 17-83] Releasing license: Synthesis
24 Infos, 33 Warnings, 0 Critical Warnings and 0 Errors encountered.
synth_design completed successfully
synth_design: Time (s): cpu = 00:00:25 ; elapsed = 00:00:26 . Memory (MB): peak = 1754.938 ; gain = 89.598
INFO: [Common 17-1381] The checkpoint 'C:/Users/Allen/My_Document/GIEE_Masters/First_Year_Upper/SoC_lab/lab_3/course_lab3/project_3/project_3.runs/synth_1/fir.dcp' has been generated.
INFO: [runtcl-4] Executing : report_utilization -file fir_utilization_synth.rpt -pb fir_utilization_synth.pb
INFO: [Common 17-206] Exiting Vivado at Mon Oct 16 22:24:17 2023...
